<?xml version="1.0" encoding="UTF-8"?>
<testng-results ignored="0" total="1" passed="1" failed="0" skipped="0">
  <reporter-output>
  </reporter-output>
  <suite started-at="2023-02-09T00:03:29 IST" name="Default suite" finished-at="2023-02-09T00:03:42 IST" duration-ms="12790">
    <groups>
    </groups>
    <test started-at="2023-02-09T00:03:29 IST" name="Default test" finished-at="2023-02-09T00:03:42 IST" duration-ms="12790">
      <class name="Tests.LoginPageTests">
        <test-method is-config="true" signature="BB()[pri:0, instance:Tests.LoginPageTests@7ae0a9ec]" started-at="2023-02-09T00:03:19 IST" name="BB" finished-at="2023-02-09T00:03:29 IST" duration-ms="10831" status="PASS">
          <reporter-output>
          </reporter-output>
        </test-method> <!-- BB -->
        <test-method signature="AMlogin()[pri:1, instance:Tests.LoginPageTests@7ae0a9ec]" started-at="2023-02-09T00:03:29 IST" name="AMlogin" finished-at="2023-02-09T00:03:42 IST" duration-ms="12716" status="PASS">
          <reporter-output>
          </reporter-output>
        </test-method> <!-- AMlogin -->
      </class> <!-- Tests.LoginPageTests -->
    </test> <!-- Default test -->
  </suite> <!-- Default suite -->
</testng-results>
